0 info it worked if it ends with ok
1 verbose cli [ '/Users/ryanfarney/.nvm/versions/node/v5.11.1/bin/node',
1 verbose cli   '/Users/ryanfarney/.nvm/versions/node/v5.11.1/bin/npm',
1 verbose cli   'run',
1 verbose cli   'task21' ]
2 info using npm@3.8.6
3 info using node@v5.11.1
4 verbose run-script [ 'pretask21', 'task21', 'posttask21' ]
5 info lifecycle node_homework@1.0.0~pretask21: node_homework@1.0.0
6 silly lifecycle node_homework@1.0.0~pretask21: no script for pretask21, continuing
7 info lifecycle node_homework@1.0.0~task21: node_homework@1.0.0
8 verbose lifecycle node_homework@1.0.0~task21: unsafe-perm in lifecycle true
9 verbose lifecycle node_homework@1.0.0~task21: PATH: /Users/ryanfarney/.nvm/versions/node/v5.11.1/lib/node_modules/npm/bin/node-gyp-bin:/Users/ryanfarney/Desktop/Node_Homework/node_modules/.bin:/Users/ryanfarney/.nvm/versions/node/v5.11.1/bin:/Users/ryanfarney/.nvm/versions/node/v5.11.1/bin:/usr/local/bin:/usr/bin:/bin:/usr/sbin:/sbin:/Library/Apple/usr/bin:/Users/ryanfarney/.rvm/bin
10 verbose lifecycle node_homework@1.0.0~task21: CWD: /Users/ryanfarney/Desktop/Node_Homework
11 silly lifecycle node_homework@1.0.0~task21: Args: [ '-c', 'nodemon --exec babel-node tasks/task2_1' ]
12 silly lifecycle node_homework@1.0.0~task21: Returned: code: 1  signal: null
13 info lifecycle node_homework@1.0.0~task21: Failed to exec task21 script
14 verbose stack Error: node_homework@1.0.0 task21: `nodemon --exec babel-node tasks/task2_1`
14 verbose stack Exit status 1
14 verbose stack     at EventEmitter.<anonymous> (/Users/ryanfarney/.nvm/versions/node/v5.11.1/lib/node_modules/npm/lib/utils/lifecycle.js:239:16)
14 verbose stack     at emitTwo (events.js:100:13)
14 verbose stack     at EventEmitter.emit (events.js:185:7)
14 verbose stack     at ChildProcess.<anonymous> (/Users/ryanfarney/.nvm/versions/node/v5.11.1/lib/node_modules/npm/lib/utils/spawn.js:24:14)
14 verbose stack     at emitTwo (events.js:100:13)
14 verbose stack     at ChildProcess.emit (events.js:185:7)
14 verbose stack     at maybeClose (internal/child_process.js:850:16)
14 verbose stack     at Process.ChildProcess._handle.onexit (internal/child_process.js:215:5)
15 verbose pkgid node_homework@1.0.0
16 verbose cwd /Users/ryanfarney/Desktop/Node_Homework
17 error Darwin 19.6.0
18 error argv "/Users/ryanfarney/.nvm/versions/node/v5.11.1/bin/node" "/Users/ryanfarney/.nvm/versions/node/v5.11.1/bin/npm" "run" "task21"
19 error node v5.11.1
20 error npm  v3.8.6
21 error code ELIFECYCLE
22 error node_homework@1.0.0 task21: `nodemon --exec babel-node tasks/task2_1`
22 error Exit status 1
23 error Failed at the node_homework@1.0.0 task21 script 'nodemon --exec babel-node tasks/task2_1'.
23 error Make sure you have the latest version of node.js and npm installed.
23 error If you do, this is most likely a problem with the node_homework package,
23 error not with npm itself.
23 error Tell the author that this fails on your system:
23 error     nodemon --exec babel-node tasks/task2_1
23 error You can get information on how to open an issue for this project with:
23 error     npm bugs node_homework
23 error Or if that isn't available, you can get their info via:
23 error     npm owner ls node_homework
23 error There is likely additional logging output above.
24 verbose exit [ 1, true ]
